  FoodTracker.cpp
C:\Users\stanc\Desktop\Food Tracker\Food tracker App\FoodTracker\Menu.h(52,21): warning C4018: '<': signed/unsigned mismatch
C:\Users\stanc\Desktop\Food Tracker\Food tracker App\FoodTracker\Menu.h(55,131): warning C4244: 'argument': conversion from 'double' to 'int', possible loss of data
C:\Users\stanc\Desktop\Food Tracker\Food tracker App\FoodTracker\display-screens.cpp(548,23): warning C4018: '<': signed/unsigned mismatch
C:\Users\stanc\Desktop\Food Tracker\Food tracker App\FoodTracker\FoodTracker.cpp(139,25): warning C4129: 'I': unrecognized character escape sequence
C:\Users\stanc\Desktop\Food Tracker\Food tracker App\FoodTracker\FoodTracker.cpp(140,25): warning C4129: 'F': unrecognized character escape sequence
C:\Users\stanc\Desktop\Food Tracker\Food tracker App\FoodTracker\FoodTracker.cpp(387,17): warning C4129: 'I': unrecognized character escape sequence
C:\Users\stanc\Desktop\Food Tracker\Food tracker App\FoodTracker\FoodTracker.cpp(388,17): warning C4129: 'F': unrecognized character escape sequence
C:\Users\stanc\Desktop\Food Tracker\Food tracker App\FoodTracker\FoodTracker.cpp(752,38): warning C4244: 'argument': conversion from 'double' to 'int', possible loss of data
C:\Users\stanc\Desktop\Food Tracker\Food tracker App\FoodTracker\FoodTracker.cpp(753,38): warning C4244: 'argument': conversion from 'double' to 'int', possible loss of data
C:\Users\stanc\Desktop\Food Tracker\Food tracker App\FoodTracker\FoodTracker.cpp(754,43): warning C4244: 'argument': conversion from 'double' to 'int', possible loss of data
C:\Users\stanc\Desktop\Food Tracker\Food tracker App\FoodTracker\FoodTracker.cpp(755,46): warning C4244: 'argument': conversion from 'double' to 'int', possible loss of data
C:\Users\stanc\Desktop\Food Tracker\Food tracker App\FoodTracker\FoodTracker.cpp(847,46): warning C4244: 'argument': conversion from 'double' to 'int', possible loss of data
C:\Users\stanc\Desktop\Food Tracker\Food tracker App\FoodTracker\FoodTracker.cpp(848,46): warning C4244: 'argument': conversion from 'double' to 'int', possible loss of data
C:\Users\stanc\Desktop\Food Tracker\Food tracker App\FoodTracker\FoodTracker.cpp(849,51): warning C4244: 'argument': conversion from 'double' to 'int', possible loss of data
C:\Users\stanc\Desktop\Food Tracker\Food tracker App\FoodTracker\FoodTracker.cpp(850,54): warning C4244: 'argument': conversion from 'double' to 'int', possible loss of data
C:\Users\stanc\Desktop\Food Tracker\Food tracker App\FoodTracker\calculator-functions.cpp(72): warning C4715: 'calculateFats': not all control paths return a value
FoodTracker.obj : error LNK2001: unresolved external symbol "double userkcalPerDay" (?userkcalPerDay@@3NA)
FoodTracker.obj : error LNK2001: unresolved external symbol "double userfats" (?userfats@@3NA)
FoodTracker.obj : error LNK2001: unresolved external symbol "double userglucides" (?userglucides@@3NA)
FoodTracker.obj : error LNK2001: unresolved external symbol "double userfibres" (?userfibres@@3NA)
FoodTracker.obj : error LNK2001: unresolved external symbol "double userproteins" (?userproteins@@3NA)
C:\Users\stanc\Desktop\Food Tracker\Food tracker App\FoodTracker\Debug\FoodTracker.exe : fatal error LNK1120: 5 unresolved externals
