  FoodTracker.cpp
C:\Users\stanc\Desktop\Food Tracker\Food tracker App\FoodTracker\Menu.h(64,1): warning C4244: '+=': conversion from 'double' to 'int', possible loss of data
C:\Users\stanc\Desktop\Food Tracker\Food tracker App\FoodTracker\Utility-functions.cpp(35,12): warning C4101: 'portie': unreferenced local variable
C:\Users\stanc\Desktop\Food Tracker\Food tracker App\FoodTracker\Utility-functions.cpp(34,12): warning C4101: 'cantitate': unreferenced local variable
C:\Users\stanc\Desktop\Food Tracker\Food tracker App\FoodTracker\Utility-functions.cpp(102,9): warning C4101: 'consumul': unreferenced local variable
C:\Users\stanc\Desktop\Food Tracker\Food tracker App\FoodTracker\Utility-functions.cpp(103,12): warning C4101: 'proteine': unreferenced local variable
C:\Users\stanc\Desktop\Food Tracker\Food tracker App\FoodTracker\Utility-functions.cpp(104,12): warning C4101: 'carbohidrati': unreferenced local variable
C:\Users\stanc\Desktop\Food Tracker\Food tracker App\FoodTracker\Utility-functions.cpp(105,12): warning C4101: 'grasimi': unreferenced local variable
C:\Users\stanc\Desktop\Food Tracker\Food tracker App\FoodTracker\Utility-functions.cpp(244,43): warning C4267: 'argument': conversion from 'size_t' to 'int', possible loss of data
C:\Users\stanc\Desktop\Food Tracker\Food tracker App\FoodTracker\Utility-functions.cpp(274,17): warning C4244: 'initializing': conversion from 'double' to 'int', possible loss of data
C:\Users\stanc\Desktop\Food Tracker\Food tracker App\FoodTracker\Utility-functions.cpp(275,18): warning C4244: 'initializing': conversion from 'double' to 'int', possible loss of data
C:\Users\stanc\Desktop\Food Tracker\Food tracker App\FoodTracker\Utility-functions.cpp(276,22): warning C4244: 'initializing': conversion from 'double' to 'int', possible loss of data
C:\Users\stanc\Desktop\Food Tracker\Food tracker App\FoodTracker\Utility-functions.cpp(343,53): warning C4244: '=': conversion from 'double' to 'int', possible loss of data
C:\Users\stanc\Desktop\Food Tracker\Food tracker App\FoodTracker\Utility-functions.cpp(344,59): warning C4244: 'argument': conversion from 'double' to '_Ty', possible loss of data
          with
          [
              _Ty=int
          ]
C:\Users\stanc\Desktop\Food Tracker\Food tracker App\FoodTracker\Utility-functions.cpp(393,49): warning C4244: '=': conversion from 'double' to 'int', possible loss of data
C:\Users\stanc\Desktop\Food Tracker\Food tracker App\FoodTracker\Utility-functions.cpp(394,55): warning C4244: 'argument': conversion from 'double' to '_Ty', possible loss of data
          with
          [
              _Ty=int
          ]
C:\Users\stanc\Desktop\Food Tracker\Food tracker App\FoodTracker\Utility-functions.cpp(439,48): warning C4244: '=': conversion from 'double' to 'int', possible loss of data
C:\Users\stanc\Desktop\Food Tracker\Food tracker App\FoodTracker\Utility-functions.cpp(440,54): warning C4244: 'argument': conversion from 'double' to '_Ty', possible loss of data
          with
          [
              _Ty=int
          ]
C:\Users\stanc\Desktop\Food Tracker\Food tracker App\FoodTracker\Utility-functions.cpp(484,49): warning C4244: '=': conversion from 'double' to 'int', possible loss of data
C:\Users\stanc\Desktop\Food Tracker\Food tracker App\FoodTracker\Utility-functions.cpp(485,55): warning C4244: 'argument': conversion from 'double' to '_Ty', possible loss of data
          with
          [
              _Ty=int
          ]
C:\Users\stanc\Desktop\Food Tracker\Food tracker App\FoodTracker\Utility-functions.cpp(577,18): warning C4244: 'initializing': conversion from 'double' to 'int', possible loss of data
C:\Users\stanc\Desktop\Food Tracker\Food tracker App\FoodTracker\Utility-functions.cpp(583,25): warning C4244: '=': conversion from 'double' to 'int', possible loss of data
C:\Users\stanc\Desktop\Food Tracker\Food tracker App\FoodTracker\display-screens.cpp(16,1): warning C4005: '_CRT_SECURE_NO_WARNINGS': macro redefinition
C:\Users\stanc\Desktop\Food Tracker\Food tracker App\FoodTracker\FoodTracker.cpp : message : see previous definition of '_CRT_SECURE_NO_WARNINGS'
C:\Users\stanc\Desktop\Food Tracker\Food tracker App\FoodTracker\display-screens.cpp(552,44): warning C4244: '+=': conversion from 'double' to 'int', possible loss of data
C:\Users\stanc\Desktop\Food Tracker\Food tracker App\FoodTracker\FoodTracker.cpp(147,25): warning C4129: 'I': unrecognized character escape sequence
C:\Users\stanc\Desktop\Food Tracker\Food tracker App\FoodTracker\FoodTracker.cpp(148,25): warning C4129: 'F': unrecognized character escape sequence
C:\Users\stanc\Desktop\Food Tracker\Food tracker App\FoodTracker\FoodTracker.cpp(395,17): warning C4129: 'I': unrecognized character escape sequence
C:\Users\stanc\Desktop\Food Tracker\Food tracker App\FoodTracker\FoodTracker.cpp(396,17): warning C4129: 'F': unrecognized character escape sequence
C:\Users\stanc\Desktop\Food Tracker\Food tracker App\FoodTracker\FoodTracker.cpp(878,38): warning C4244: 'argument': conversion from 'double' to 'int', possible loss of data
C:\Users\stanc\Desktop\Food Tracker\Food tracker App\FoodTracker\FoodTracker.cpp(879,38): warning C4244: 'argument': conversion from 'double' to 'int', possible loss of data
C:\Users\stanc\Desktop\Food Tracker\Food tracker App\FoodTracker\FoodTracker.cpp(880,43): warning C4244: 'argument': conversion from 'double' to 'int', possible loss of data
C:\Users\stanc\Desktop\Food Tracker\Food tracker App\FoodTracker\FoodTracker.cpp(881,46): warning C4244: 'argument': conversion from 'double' to 'int', possible loss of data
C:\Users\stanc\Desktop\Food Tracker\Food tracker App\FoodTracker\FoodTracker.cpp(888,21): warning C4244: 'argument': conversion from 'double' to 'int', possible loss of data
C:\Users\stanc\Desktop\Food Tracker\Food tracker App\FoodTracker\FoodTracker.cpp(997,46): warning C4244: 'argument': conversion from 'double' to 'int', possible loss of data
C:\Users\stanc\Desktop\Food Tracker\Food tracker App\FoodTracker\FoodTracker.cpp(998,46): warning C4244: 'argument': conversion from 'double' to 'int', possible loss of data
C:\Users\stanc\Desktop\Food Tracker\Food tracker App\FoodTracker\FoodTracker.cpp(999,51): warning C4244: 'argument': conversion from 'double' to 'int', possible loss of data
C:\Users\stanc\Desktop\Food Tracker\Food tracker App\FoodTracker\FoodTracker.cpp(1000,54): warning C4244: 'argument': conversion from 'double' to 'int', possible loss of data
C:\Users\stanc\Desktop\Food Tracker\Food tracker App\FoodTracker\FoodTracker.cpp(1003,29): warning C4244: 'argument': conversion from 'double' to 'int', possible loss of data
C:\Users\stanc\Desktop\Food Tracker\Food tracker App\FoodTracker\calculator-functions.cpp(163): warning C4715: 'calculateFats': not all control paths return a value
  FoodTracker.vcxproj -> C:\Users\stanc\Desktop\Food Tracker\Food tracker App\FoodTracker\x64\Debug\FoodTracker.exe
